<?xml version="1.0" encoding="UTF-8"?>
<testsuite name="school.cesar.criptocorretora.services.UsuarioServiceTest" tests="2" skipped="0" failures="0" errors="0" timestamp="2022-05-13T23:27:41" hostname="victorpc-s550ca" time="0.029">
  <properties/>
  <testcase name="procurar por usuario valido inexistente()" classname="school.cesar.criptocorretora.services.UsuarioServiceTest" time="0.022"/>
  <testcase name="procurar por usuario valido existente()" classname="school.cesar.criptocorretora.services.UsuarioServiceTest" time="0.006"/>
  <system-out><![CDATA[]]></system-out>
  <system-err><![CDATA[]]></system-err>
</testsuite>
