<?xml version="1.0" encoding="UTF-8"?>
<testsuite name="school.cesar.criptocorretora.validators.CriptoValidatorTest" tests="1" skipped="0" failures="0" errors="0" timestamp="2022-05-13T15:19:07" hostname="MANTENA-006920" time="0.003">
  <properties/>
  <testcase name="deve lancar excecao quando nome for vazio()" classname="school.cesar.criptocorretora.validators.CriptoValidatorTest" time="0.003"/>
  <system-out><![CDATA[]]></system-out>
  <system-err><![CDATA[]]></system-err>
</testsuite>
