<?xml version="1.0" encoding="UTF-8"?>
<testsuite name="school.cesar.criptocorretora.services.CriptoServiceTest" tests="1" skipped="0" failures="0" errors="0" timestamp="2022-05-13T15:19:07" hostname="MANTENA-006920" time="0.021">
  <properties/>
  <testcase name="Erro ao buscar por uma cripto nao existente()" classname="school.cesar.criptocorretora.services.CriptoServiceTest" time="0.021"/>
  <system-out><![CDATA[]]></system-out>
  <system-err><![CDATA[]]></system-err>
</testsuite>
