<?xml version="1.0" encoding="UTF-8"?>
<testsuite name="school.cesar.criptocorretora.services.CarteiraServiceTest" tests="2" skipped="0" failures="0" errors="0" timestamp="2022-05-13T23:27:34" hostname="victorpc-s550ca" time="6.339">
  <properties/>
  <testcase name="deve consultar valores agrupados()" classname="school.cesar.criptocorretora.services.CarteiraServiceTest" time="6.157"/>
  <testcase name="deve comprar uma cripto inexistente na carteira()" classname="school.cesar.criptocorretora.services.CarteiraServiceTest" time="0.18"/>
  <system-out><![CDATA[]]></system-out>
  <system-err><![CDATA[]]></system-err>
</testsuite>
