<?xml version="1.0" encoding="UTF-8"?>
<testsuite name="school.cesar.criptocorretora.services.DollarServiceTest" tests="1" skipped="0" failures="0" errors="0" timestamp="2022-05-13T23:27:41" hostname="victorpc-s550ca" time="0.114">
  <properties/>
  <testcase name="testar valor do dollar()" classname="school.cesar.criptocorretora.services.DollarServiceTest" time="0.114"/>
  <system-out><![CDATA[]]></system-out>
  <system-err><![CDATA[]]></system-err>
</testsuite>
