<?xml version="1.0" encoding="UTF-8"?>
<testsuite name="school.cesar.criptocorretora.services.UsuarioServiceTest" tests="2" skipped="0" failures="0" errors="0" timestamp="2022-05-13T15:19:07" hostname="MANTENA-006920" time="0.034">
  <properties/>
  <testcase name="procurar por usuario valido inexistente()" classname="school.cesar.criptocorretora.services.UsuarioServiceTest" time="0.031"/>
  <testcase name="procurar por usuario valido existente()" classname="school.cesar.criptocorretora.services.UsuarioServiceTest" time="0.001"/>
  <system-out><![CDATA[]]></system-out>
  <system-err><![CDATA[]]></system-err>
</testsuite>
